<?xml version="1.0" encoding="UTF-8"?>
<robot generator="Robot 7.2.2 (Python 3.13.0 on linux)" generated="2025-02-28T22:20:48.374568" rpa="false" schemaversion="5">
<suite id="s1" name="Repeated" source="/home/franz/projects/robotframework-processtree/atest/example/child/repeated.robot">
<test id="s1-t1" name="Child" line="11">
<while condition="${True}">
<iter>
<kw name="Run Keyword And Ignore Error" owner="BuiltIn">
<msg time="2025-02-28T22:20:48.431722" level="TRACE">Arguments: [ 'Child.receive_message' | 'timeout=1' ]</msg>
<kw name="Receive Message" owner="Child">
<msg time="2025-02-28T22:20:48.432857" level="TRACE">Arguments: [ timeout=1.0 ]</msg>
<arg>timeout=1</arg>
<doc>Receive message</doc>
<status status="FAIL" start="2025-02-28T22:20:48.432379" elapsed="0.116091">Execution terminated by signal</status>
</kw>
<var>${STATUS}</var>
<var>${VALUE}</var>
<arg>Child.receive_message</arg>
<arg>timeout=1</arg>
<doc>Runs the given keyword with the given arguments and ignores possible error.</doc>
<status status="FAIL" start="2025-02-28T22:20:48.431352" elapsed="0.117536">Execution terminated by signal</status>
</kw>
<if>
<branch type="IF" condition="'${STATUS}' == 'FAIL'">
<break>
<status status="NOT RUN" start="2025-02-28T22:20:48.552597" elapsed="0.000062"/>
</break>
<status status="NOT RUN" start="2025-02-28T22:20:48.552347" elapsed="0.000431"/>
</branch>
<status status="NOT RUN" start="2025-02-28T22:20:48.549231" elapsed="0.003644"/>
</if>
<kw name="Log" owner="BuiltIn">
<arg>${STATUS}</arg>
<doc>Logs the given message with the given level.</doc>
<status status="NOT RUN" start="2025-02-28T22:20:48.553286" elapsed="0.000231"/>
</kw>
<kw name="Log" owner="BuiltIn">
<arg>${VALUE}</arg>
<doc>Logs the given message with the given level.</doc>
<status status="NOT RUN" start="2025-02-28T22:20:48.553862" elapsed="0.000215"/>
</kw>
<kw name="Evaluate" owner="BuiltIn">
<var>${Response}</var>
<arg>$VALUE + ' from child to parent'</arg>
<doc>Evaluates the given expression in Python and returns the result.</doc>
<status status="NOT RUN" start="2025-02-28T22:20:48.554399" elapsed="0.000158"/>
</kw>
<kw name="Log" owner="BuiltIn">
<arg>${Response}</arg>
<doc>Logs the given message with the given level.</doc>
<status status="NOT RUN" start="2025-02-28T22:20:48.554843" elapsed="0.000161"/>
</kw>
<kw name="Send Message" owner="Child">
<arg>${Response}</arg>
<doc>Send a message to the child process</doc>
<status status="NOT RUN" start="2025-02-28T22:20:48.555336" elapsed="0.000175"/>
</kw>
<status status="FAIL" start="2025-02-28T22:20:48.429144" elapsed="0.126578">Execution terminated by signal</status>
</iter>
<status status="FAIL" start="2025-02-28T22:20:48.429130" elapsed="0.126756">Execution terminated by signal</status>
</while>
<status status="FAIL" start="2025-02-28T22:20:48.426771" elapsed="0.129566">Execution terminated by signal</status>
</test>
<status status="FAIL" start="2025-02-28T22:20:48.376683" elapsed="0.188011"/>
</suite>
<statistics>
<total>
<stat pass="0" fail="1" skip="0">All Tests</stat>
</total>
<tag>
</tag>
<suite>
<stat name="Repeated" id="s1" pass="0" fail="1" skip="0">Repeated</stat>
</suite>
</statistics>
<errors>
</errors>
</robot>
