<?xml version="1.0" encoding="UTF-8"?>
<robot generator="Robot 7.2.2 (Python 3.13.0 on linux)" generated="2025-02-28T19:43:32.464711" rpa="false" schemaversion="5">
<suite id="s1" name="Repeated Elegant" source="/home/franz/projects/robotframework-processtree/atest/example/child/repeated_elegant.robot">
<test id="s1-t1" name="Child" line="11">
<kw name="Run Keyword On Received Items Until Queue Is Closed" owner="Child">
<msg time="2025-02-28T19:43:32.653195" level="TRACE">Arguments: [ 'work on item' ]</msg>
<msg time="2025-02-28T19:43:32.656863" level="INFO" html="true">Receiving message from &lt;a href="../redirect.html#Uyjs7_38R5y4iwssQccIAw"&gt;log&lt;/a&gt;: Hello2</msg>
<kw name="work on item">
<msg time="2025-02-28T19:43:32.661255" level="TRACE">Arguments: [ ${MSG}='Hello2' ]</msg>
<kw name="Log" owner="BuiltIn">
<msg time="2025-02-28T19:43:32.664236" level="TRACE">Arguments: [ 'Child said Hello2' ]</msg>
<msg time="2025-02-28T19:43:32.664526" level="INFO">Child said Hello2</msg>
<msg time="2025-02-28T19:43:32.664743" level="TRACE">Return: None</msg>
<arg>Child said ${MSG}</arg>
<doc>Logs the given message with the given level.</doc>
<status status="PASS" start="2025-02-28T19:43:32.663486" elapsed="0.001490"/>
</kw>
<kw name="Send Message" owner="Child">
<msg time="2025-02-28T19:43:32.671679" level="TRACE">Arguments: [ 'Child said Hello2' ]</msg>
<msg time="2025-02-28T19:43:32.682666" level="INFO" html="true">Sending message to &lt;a href="../redirect.html#JaQQ2EnDT2yxWRwgIOVajA"&gt;log&lt;/a&gt;: Child said Hello2</msg>
<msg time="2025-02-28T19:43:32.684954" level="TRACE">Return: None</msg>
<arg>Child said ${MSG}</arg>
<doc>Send a message to the child process</doc>
<status status="PASS" start="2025-02-28T19:43:32.666419" elapsed="0.018836"/>
</kw>
<kw name="Sleep" owner="BuiltIn">
<msg time="2025-02-28T19:43:32.686841" level="TRACE">Arguments: [ '0.1s' ]</msg>
<msg time="2025-02-28T19:43:32.789417" level="INFO">Slept 100 milliseconds.</msg>
<msg time="2025-02-28T19:43:32.789862" level="TRACE">Return: None</msg>
<arg>0.1s</arg>
<doc>Pauses the test executed for the given time.</doc>
<status status="PASS" start="2025-02-28T19:43:32.685888" elapsed="0.104296"/>
</kw>
<msg time="2025-02-28T19:43:32.790619" level="TRACE">Return: None</msg>
<arg>Hello2</arg>
<status status="PASS" start="2025-02-28T19:43:32.660345" elapsed="0.130490"/>
</kw>
<msg time="2025-02-28T19:43:32.794717" level="TRACE">Return: None</msg>
<arg>work on item</arg>
<doc>Read all items from the queue and run the keyword with the item as argument.</doc>
<status status="PASS" start="2025-02-28T19:43:32.652518" elapsed="0.142437"/>
</kw>
<status status="PASS" start="2025-02-28T19:43:32.644890" elapsed="0.150663"/>
</test>
<status status="PASS" start="2025-02-28T19:43:32.469608" elapsed="0.334643"/>
</suite>
<statistics>
<total>
<stat pass="1" fail="0" skip="0">All Tests</stat>
</total>
<tag>
</tag>
<suite>
<stat name="Repeated Elegant" id="s1" pass="1" fail="0" skip="0">Repeated Elegant</stat>
</suite>
</statistics>
<errors>
</errors>
</robot>
