<?xml version="1.0" encoding="UTF-8"?>
<robot generator="Robot 7.2.2 (Python 3.13.0 on linux)" generated="2025-02-28T19:43:34.609274" rpa="false" schemaversion="5">
<suite id="s1" name="Repeated" source="/home/franz/projects/robotframework-processtree/atest/example/child/repeated.robot">
<test id="s1-t1" name="Child" line="11">
<while condition="${True}">
<iter>
<kw name="Run Keyword And Ignore Error" owner="BuiltIn">
<msg time="2025-02-28T19:43:34.720563" level="TRACE">Arguments: [ 'Child.receive_message' | 'timeout=1' ]</msg>
<kw name="Receive Message" owner="Child">
<msg time="2025-02-28T19:43:34.722627" level="TRACE">Arguments: [ timeout=1.0 ]</msg>
<msg time="2025-02-28T19:43:34.724621" level="INFO" html="true">Receiving message from &lt;a href="../redirect.html#-YJcuXesQpCFDr0ZWWOUHA"&gt;log&lt;/a&gt;: Hello fast child</msg>
<msg time="2025-02-28T19:43:34.726439" level="TRACE">Return: 'Hello fast child'</msg>
<arg>timeout=1</arg>
<doc>Receive message</doc>
<status status="PASS" start="2025-02-28T19:43:34.721899" elapsed="0.004889"/>
</kw>
<msg time="2025-02-28T19:43:34.727172" level="TRACE">Return: ('PASS', 'Hello fast child')</msg>
<msg time="2025-02-28T19:43:34.727705" level="INFO">${STATUS} = PASS</msg>
<msg time="2025-02-28T19:43:34.727869" level="INFO">${VALUE} = Hello fast child</msg>
<var>${STATUS}</var>
<var>${VALUE}</var>
<arg>Child.receive_message</arg>
<arg>timeout=1</arg>
<doc>Runs the given keyword with the given arguments and ignores possible error.</doc>
<status status="PASS" start="2025-02-28T19:43:34.719872" elapsed="0.008116"/>
</kw>
<if>
<branch type="IF" condition="'${STATUS}' == 'FAIL'">
<break>
<status status="NOT RUN" start="2025-02-28T19:43:34.729640" elapsed="0.000089"/>
</break>
<status status="NOT RUN" start="2025-02-28T19:43:34.728687" elapsed="0.001303"/>
</branch>
<status status="PASS" start="2025-02-28T19:43:34.728513" elapsed="0.001824"/>
</if>
<kw name="Evaluate" owner="BuiltIn">
<msg time="2025-02-28T19:43:34.731829" level="TRACE">Arguments: [ "$VALUE + ' from child to parent'" ]</msg>
<msg time="2025-02-28T19:43:34.732568" level="TRACE">Return: 'Hello fast child from child to parent'</msg>
<msg time="2025-02-28T19:43:34.732858" level="INFO">${Response} = Hello fast child from child to parent</msg>
<var>${Response}</var>
<arg>$VALUE + ' from child to parent'</arg>
<doc>Evaluates the given expression in Python and returns the result.</doc>
<status status="PASS" start="2025-02-28T19:43:34.731113" elapsed="0.001838"/>
</kw>
<kw name="Log" owner="BuiltIn">
<msg time="2025-02-28T19:43:34.733960" level="TRACE">Arguments: [ 'PASS' ]</msg>
<msg time="2025-02-28T19:43:34.734287" level="INFO">PASS</msg>
<msg time="2025-02-28T19:43:34.734409" level="TRACE">Return: None</msg>
<arg>${STATUS}</arg>
<doc>Logs the given message with the given level.</doc>
<status status="PASS" start="2025-02-28T19:43:34.733449" elapsed="0.001080"/>
</kw>
<kw name="Log" owner="BuiltIn">
<msg time="2025-02-28T19:43:34.735347" level="TRACE">Arguments: [ 'Hello fast child from child to parent' ]</msg>
<msg time="2025-02-28T19:43:34.735542" level="INFO">Hello fast child from child to parent</msg>
<msg time="2025-02-28T19:43:34.735742" level="TRACE">Return: None</msg>
<arg>${Response}</arg>
<doc>Logs the given message with the given level.</doc>
<status status="PASS" start="2025-02-28T19:43:34.734878" elapsed="0.000994"/>
</kw>
<kw name="Send Message" owner="Child">
<msg time="2025-02-28T19:43:34.737162" level="TRACE">Arguments: [ 'Hello fast child from child to parent' ]</msg>
<msg time="2025-02-28T19:43:34.739363" level="INFO" html="true">Sending message to &lt;a href="../redirect.html#A1ezdN3NRgmx9OpjhOp8Xg"&gt;log&lt;/a&gt;: Hello fast child from child to parent</msg>
<msg time="2025-02-28T19:43:34.744089" level="TRACE">Return: None</msg>
<arg>${Response}</arg>
<doc>Send a message to the child process</doc>
<status status="PASS" start="2025-02-28T19:43:34.736350" elapsed="0.007965"/>
</kw>
<status status="PASS" start="2025-02-28T19:43:34.717498" elapsed="0.027806"/>
</iter>
<iter>
<kw name="Run Keyword And Ignore Error" owner="BuiltIn">
<msg time="2025-02-28T19:43:34.749759" level="TRACE">Arguments: [ 'Child.receive_message' | 'timeout=1' ]</msg>
<kw name="Receive Message" owner="Child">
<msg time="2025-02-28T19:43:34.751002" level="TRACE">Arguments: [ timeout=1.0 ]</msg>
<msg time="2025-02-28T19:43:34.751802" level="INFO" html="true">Receiving message from &lt;a href="../redirect.html#H3whvg0ZTgKAW7uEHCVTnw"&gt;log&lt;/a&gt;: Hello slow child</msg>
<msg time="2025-02-28T19:43:34.756337" level="TRACE">Return: 'Hello slow child'</msg>
<arg>timeout=1</arg>
<doc>Receive message</doc>
<status status="PASS" start="2025-02-28T19:43:34.750459" elapsed="0.006110"/>
</kw>
<msg time="2025-02-28T19:43:34.756764" level="TRACE">Return: ('PASS', 'Hello slow child')</msg>
<msg time="2025-02-28T19:43:34.757171" level="INFO">${STATUS} = PASS</msg>
<msg time="2025-02-28T19:43:34.757401" level="INFO">${VALUE} = Hello slow child</msg>
<var>${STATUS}</var>
<var>${VALUE}</var>
<arg>Child.receive_message</arg>
<arg>timeout=1</arg>
<doc>Runs the given keyword with the given arguments and ignores possible error.</doc>
<status status="PASS" start="2025-02-28T19:43:34.748674" elapsed="0.008831"/>
</kw>
<if>
<branch type="IF" condition="'${STATUS}' == 'FAIL'">
<break>
<status status="NOT RUN" start="2025-02-28T19:43:34.758679" elapsed="0.000077"/>
</break>
<status status="NOT RUN" start="2025-02-28T19:43:34.757991" elapsed="0.000915"/>
</branch>
<status status="PASS" start="2025-02-28T19:43:34.757817" elapsed="0.001229"/>
</if>
<kw name="Evaluate" owner="BuiltIn">
<msg time="2025-02-28T19:43:34.760291" level="TRACE">Arguments: [ "$VALUE + ' from child to parent'" ]</msg>
<msg time="2025-02-28T19:43:34.760857" level="TRACE">Return: 'Hello slow child from child to parent'</msg>
<msg time="2025-02-28T19:43:34.761179" level="INFO">${Response} = Hello slow child from child to parent</msg>
<var>${Response}</var>
<arg>$VALUE + ' from child to parent'</arg>
<doc>Evaluates the given expression in Python and returns the result.</doc>
<status status="PASS" start="2025-02-28T19:43:34.759525" elapsed="0.001761"/>
</kw>
<kw name="Log" owner="BuiltIn">
<msg time="2025-02-28T19:43:34.762261" level="TRACE">Arguments: [ 'PASS' ]</msg>
<msg time="2025-02-28T19:43:34.762512" level="INFO">PASS</msg>
<msg time="2025-02-28T19:43:34.762631" level="TRACE">Return: None</msg>
<arg>${STATUS}</arg>
<doc>Logs the given message with the given level.</doc>
<status status="PASS" start="2025-02-28T19:43:34.761720" elapsed="0.001025"/>
</kw>
<kw name="Log" owner="BuiltIn">
<msg time="2025-02-28T19:43:34.764811" level="TRACE">Arguments: [ 'Hello slow child from child to parent' ]</msg>
<msg time="2025-02-28T19:43:34.765272" level="INFO">Hello slow child from child to parent</msg>
<msg time="2025-02-28T19:43:34.765452" level="TRACE">Return: None</msg>
<arg>${Response}</arg>
<doc>Logs the given message with the given level.</doc>
<status status="PASS" start="2025-02-28T19:43:34.763921" elapsed="0.001671"/>
</kw>
<kw name="Send Message" owner="Child">
<msg time="2025-02-28T19:43:34.768705" level="TRACE">Arguments: [ 'Hello slow child from child to parent' ]</msg>
<msg time="2025-02-28T19:43:34.769419" level="INFO" html="true">Sending message to &lt;a href="../redirect.html#Psm6uCV3R--lIRuBhQhBJA"&gt;log&lt;/a&gt;: Hello slow child from child to parent</msg>
<msg time="2025-02-28T19:43:34.779861" level="TRACE">Return: None</msg>
<arg>${Response}</arg>
<doc>Send a message to the child process</doc>
<status status="PASS" start="2025-02-28T19:43:34.767644" elapsed="0.013017"/>
</kw>
<status status="PASS" start="2025-02-28T19:43:34.745565" elapsed="0.035428"/>
</iter>
<iter>
<kw name="Run Keyword And Ignore Error" owner="BuiltIn">
<msg time="2025-02-28T19:43:34.788289" level="TRACE">Arguments: [ 'Child.receive_message' | 'timeout=1' ]</msg>
<kw name="Receive Message" owner="Child">
<msg time="2025-02-28T19:43:34.790003" level="TRACE">Arguments: [ timeout=1.0 ]</msg>
<arg>timeout=1</arg>
<doc>Receive message</doc>
<status status="FAIL" start="2025-02-28T19:43:34.789301" elapsed="0.181274">Execution terminated by signal</status>
</kw>
<var>${STATUS}</var>
<var>${VALUE}</var>
<arg>Child.receive_message</arg>
<arg>timeout=1</arg>
<doc>Runs the given keyword with the given arguments and ignores possible error.</doc>
<status status="FAIL" start="2025-02-28T19:43:34.782807" elapsed="0.193756">Execution terminated by signal</status>
</kw>
<if>
<branch type="IF" condition="'${STATUS}' == 'FAIL'">
<break>
<status status="NOT RUN" start="2025-02-28T19:43:34.980348" elapsed="0.000062"/>
</break>
<status status="NOT RUN" start="2025-02-28T19:43:34.977013" elapsed="0.003521"/>
</branch>
<status status="NOT RUN" start="2025-02-28T19:43:34.976929" elapsed="0.003680"/>
</if>
<kw name="Evaluate" owner="BuiltIn">
<var>${Response}</var>
<arg>$VALUE + ' from child to parent'</arg>
<doc>Evaluates the given expression in Python and returns the result.</doc>
<status status="NOT RUN" start="2025-02-28T19:43:34.980982" elapsed="0.001257"/>
</kw>
<kw name="Log" owner="BuiltIn">
<arg>${STATUS}</arg>
<doc>Logs the given message with the given level.</doc>
<status status="NOT RUN" start="2025-02-28T19:43:34.982857" elapsed="0.000609"/>
</kw>
<kw name="Log" owner="BuiltIn">
<arg>${Response}</arg>
<doc>Logs the given message with the given level.</doc>
<status status="NOT RUN" start="2025-02-28T19:43:34.984262" elapsed="0.000315"/>
</kw>
<kw name="Send Message" owner="Child">
<arg>${Response}</arg>
<doc>Send a message to the child process</doc>
<status status="NOT RUN" start="2025-02-28T19:43:34.985568" elapsed="0.000527"/>
</kw>
<status status="FAIL" start="2025-02-28T19:43:34.781163" elapsed="0.207430">Execution terminated by signal</status>
</iter>
<status status="FAIL" start="2025-02-28T19:43:34.717484" elapsed="0.271460">Execution terminated by signal</status>
</while>
<status status="FAIL" start="2025-02-28T19:43:34.715123" elapsed="0.275521">Execution terminated by signal</status>
</test>
<status status="FAIL" start="2025-02-28T19:43:34.613468" elapsed="0.380759"/>
</suite>
<statistics>
<total>
<stat pass="0" fail="1" skip="0">All Tests</stat>
</total>
<tag>
</tag>
<suite>
<stat name="Repeated" id="s1" pass="0" fail="1" skip="0">Repeated</stat>
</suite>
</statistics>
<errors>
</errors>
</robot>
