<?xml version="1.0" encoding="UTF-8"?>
<robot generator="Robot 7.2.2 (Python 3.13.0 on linux)" generated="2025-02-28T19:43:29.283043" rpa="false" schemaversion="5">
<suite id="s1" name="Repeated" source="/home/franz/projects/robotframework-processtree/atest/example/child/repeated.robot">
<test id="s1-t1" name="Child" line="11">
<while condition="${True}">
<iter>
<kw name="Run Keyword And Ignore Error" owner="BuiltIn">
<msg time="2025-02-28T19:43:29.375965" level="TRACE">Arguments: [ 'Child.receive_message' | 'timeout=1' ]</msg>
<kw name="Receive Message" owner="Child">
<msg time="2025-02-28T19:43:29.378487" level="TRACE">Arguments: [ timeout=1.0 ]</msg>
<msg time="2025-02-28T19:43:29.380740" level="INFO" html="true">Receiving message from &lt;a href="../redirect.html#1GKx6LavQN2IaN_jkPAykg"&gt;log&lt;/a&gt;: Hello1</msg>
<msg time="2025-02-28T19:43:29.383135" level="TRACE">Return: 'Hello1'</msg>
<arg>timeout=1</arg>
<doc>Receive message</doc>
<status status="PASS" start="2025-02-28T19:43:29.377297" elapsed="0.006045"/>
</kw>
<msg time="2025-02-28T19:43:29.383550" level="TRACE">Return: ('PASS', 'Hello1')</msg>
<msg time="2025-02-28T19:43:29.383820" level="INFO">${STATUS} = PASS</msg>
<msg time="2025-02-28T19:43:29.383935" level="INFO">${VALUE} = Hello1</msg>
<var>${STATUS}</var>
<var>${VALUE}</var>
<arg>Child.receive_message</arg>
<arg>timeout=1</arg>
<doc>Runs the given keyword with the given arguments and ignores possible error.</doc>
<status status="PASS" start="2025-02-28T19:43:29.375112" elapsed="0.008897"/>
</kw>
<if>
<branch type="IF" condition="'${STATUS}' == 'FAIL'">
<break>
<status status="NOT RUN" start="2025-02-28T19:43:29.384843" elapsed="0.000054"/>
</break>
<status status="NOT RUN" start="2025-02-28T19:43:29.384369" elapsed="0.000622"/>
</branch>
<status status="PASS" start="2025-02-28T19:43:29.384285" elapsed="0.000813"/>
</if>
<kw name="Evaluate" owner="BuiltIn">
<msg time="2025-02-28T19:43:29.385735" level="TRACE">Arguments: [ "$VALUE + ' from child to parent'" ]</msg>
<msg time="2025-02-28T19:43:29.386323" level="TRACE">Return: 'Hello1 from child to parent'</msg>
<msg time="2025-02-28T19:43:29.386631" level="INFO">${Response} = Hello1 from child to parent</msg>
<var>${Response}</var>
<arg>$VALUE + ' from child to parent'</arg>
<doc>Evaluates the given expression in Python and returns the result.</doc>
<status status="PASS" start="2025-02-28T19:43:29.385416" elapsed="0.001343"/>
</kw>
<kw name="Log" owner="BuiltIn">
<msg time="2025-02-28T19:43:29.388131" level="TRACE">Arguments: [ 'PASS' ]</msg>
<msg time="2025-02-28T19:43:29.388603" level="INFO">PASS</msg>
<msg time="2025-02-28T19:43:29.388726" level="TRACE">Return: None</msg>
<arg>${STATUS}</arg>
<doc>Logs the given message with the given level.</doc>
<status status="PASS" start="2025-02-28T19:43:29.387269" elapsed="0.001581"/>
</kw>
<kw name="Log" owner="BuiltIn">
<msg time="2025-02-28T19:43:29.389870" level="TRACE">Arguments: [ 'Hello1 from child to parent' ]</msg>
<msg time="2025-02-28T19:43:29.390147" level="INFO">Hello1 from child to parent</msg>
<msg time="2025-02-28T19:43:29.390382" level="TRACE">Return: None</msg>
<arg>${Response}</arg>
<doc>Logs the given message with the given level.</doc>
<status status="PASS" start="2025-02-28T19:43:29.389311" elapsed="0.001215"/>
</kw>
<kw name="Send Message" owner="Child">
<msg time="2025-02-28T19:43:29.391860" level="TRACE">Arguments: [ 'Hello1 from child to parent' ]</msg>
<msg time="2025-02-28T19:43:29.393982" level="INFO" html="true">Sending message to &lt;a href="../redirect.html#cZV5-5IBQMiFnpvQ5xIFNg"&gt;log&lt;/a&gt;: Hello1 from child to parent</msg>
<msg time="2025-02-28T19:43:29.397633" level="TRACE">Return: None</msg>
<arg>${Response}</arg>
<doc>Send a message to the child process</doc>
<status status="PASS" start="2025-02-28T19:43:29.391063" elapsed="0.006767"/>
</kw>
<status status="PASS" start="2025-02-28T19:43:29.371888" elapsed="0.026073"/>
</iter>
<iter>
<kw name="Run Keyword And Ignore Error" owner="BuiltIn">
<msg time="2025-02-28T19:43:29.399240" level="TRACE">Arguments: [ 'Child.receive_message' | 'timeout=1' ]</msg>
<kw name="Receive Message" owner="Child">
<msg time="2025-02-28T19:43:29.400117" level="TRACE">Arguments: [ timeout=1.0 ]</msg>
<msg time="2025-02-28T19:43:29.400581" level="INFO" html="true">Receiving message from &lt;a href="../redirect.html#LeR6hqdgT5mOQ_6Lo4-0Lg"&gt;log&lt;/a&gt;: Hello2</msg>
<msg time="2025-02-28T19:43:29.402287" level="TRACE">Return: 'Hello2'</msg>
<arg>timeout=1</arg>
<doc>Receive message</doc>
<status status="PASS" start="2025-02-28T19:43:29.399706" elapsed="0.002806"/>
</kw>
<msg time="2025-02-28T19:43:29.402661" level="TRACE">Return: ('PASS', 'Hello2')</msg>
<msg time="2025-02-28T19:43:29.402927" level="INFO">${STATUS} = PASS</msg>
<msg time="2025-02-28T19:43:29.403090" level="INFO">${VALUE} = Hello2</msg>
<var>${STATUS}</var>
<var>${VALUE}</var>
<arg>Child.receive_message</arg>
<arg>timeout=1</arg>
<doc>Runs the given keyword with the given arguments and ignores possible error.</doc>
<status status="PASS" start="2025-02-28T19:43:29.398928" elapsed="0.004228"/>
</kw>
<if>
<branch type="IF" condition="'${STATUS}' == 'FAIL'">
<break>
<status status="NOT RUN" start="2025-02-28T19:43:29.404423" elapsed="0.000093"/>
</break>
<status status="NOT RUN" start="2025-02-28T19:43:29.403465" elapsed="0.001235"/>
</branch>
<status status="PASS" start="2025-02-28T19:43:29.403389" elapsed="0.001416"/>
</if>
<kw name="Evaluate" owner="BuiltIn">
<msg time="2025-02-28T19:43:29.405993" level="TRACE">Arguments: [ "$VALUE + ' from child to parent'" ]</msg>
<msg time="2025-02-28T19:43:29.406634" level="TRACE">Return: 'Hello2 from child to parent'</msg>
<msg time="2025-02-28T19:43:29.406928" level="INFO">${Response} = Hello2 from child to parent</msg>
<var>${Response}</var>
<arg>$VALUE + ' from child to parent'</arg>
<doc>Evaluates the given expression in Python and returns the result.</doc>
<status status="PASS" start="2025-02-28T19:43:29.405476" elapsed="0.001539"/>
</kw>
<kw name="Log" owner="BuiltIn">
<msg time="2025-02-28T19:43:29.409609" level="TRACE">Arguments: [ 'PASS' ]</msg>
<msg time="2025-02-28T19:43:29.410061" level="INFO">PASS</msg>
<msg time="2025-02-28T19:43:29.410208" level="TRACE">Return: None</msg>
<arg>${STATUS}</arg>
<doc>Logs the given message with the given level.</doc>
<status status="PASS" start="2025-02-28T19:43:29.407562" elapsed="0.002802"/>
</kw>
<kw name="Log" owner="BuiltIn">
<msg time="2025-02-28T19:43:29.411881" level="TRACE">Arguments: [ 'Hello2 from child to parent' ]</msg>
<msg time="2025-02-28T19:43:29.412600" level="INFO">Hello2 from child to parent</msg>
<msg time="2025-02-28T19:43:29.412973" level="TRACE">Return: None</msg>
<arg>${Response}</arg>
<doc>Logs the given message with the given level.</doc>
<status status="PASS" start="2025-02-28T19:43:29.410988" elapsed="0.002305"/>
</kw>
<kw name="Send Message" owner="Child">
<msg time="2025-02-28T19:43:29.414826" level="TRACE">Arguments: [ 'Hello2 from child to parent' ]</msg>
<msg time="2025-02-28T19:43:29.415573" level="INFO" html="true">Sending message to &lt;a href="../redirect.html#1sJj7xLtTYiJ9vn3IShbbA"&gt;log&lt;/a&gt;: Hello2 from child to parent</msg>
<msg time="2025-02-28T19:43:29.419102" level="TRACE">Return: None</msg>
<arg>${Response}</arg>
<doc>Send a message to the child process</doc>
<status status="PASS" start="2025-02-28T19:43:29.414245" elapsed="0.005089"/>
</kw>
<status status="PASS" start="2025-02-28T19:43:29.398079" elapsed="0.021399"/>
</iter>
<iter>
<kw name="Run Keyword And Ignore Error" owner="BuiltIn">
<msg time="2025-02-28T19:43:29.420806" level="TRACE">Arguments: [ 'Child.receive_message' | 'timeout=1' ]</msg>
<kw name="Receive Message" owner="Child">
<msg time="2025-02-28T19:43:29.421933" level="TRACE">Arguments: [ timeout=1.0 ]</msg>
<msg time="2025-02-28T19:43:29.423828" level="INFO" html="true">Receiving message from &lt;a href="../redirect.html#PzzIZLTdQ6C4aHqv3OTdzA"&gt;log&lt;/a&gt;: Hello3</msg>
<msg time="2025-02-28T19:43:29.429654" level="TRACE">Return: 'Hello3'</msg>
<arg>timeout=1</arg>
<doc>Receive message</doc>
<status status="PASS" start="2025-02-28T19:43:29.421343" elapsed="0.008781"/>
</kw>
<msg time="2025-02-28T19:43:29.430784" level="TRACE">Return: ('PASS', 'Hello3')</msg>
<msg time="2025-02-28T19:43:29.432467" level="INFO">${STATUS} = PASS</msg>
<msg time="2025-02-28T19:43:29.432890" level="INFO">${VALUE} = Hello3</msg>
<var>${STATUS}</var>
<var>${VALUE}</var>
<arg>Child.receive_message</arg>
<arg>timeout=1</arg>
<doc>Runs the given keyword with the given arguments and ignores possible error.</doc>
<status status="PASS" start="2025-02-28T19:43:29.420482" elapsed="0.012663"/>
</kw>
<if>
<branch type="IF" condition="'${STATUS}' == 'FAIL'">
<break>
<status status="NOT RUN" start="2025-02-28T19:43:29.434443" elapsed="0.000063"/>
</break>
<status status="NOT RUN" start="2025-02-28T19:43:29.433625" elapsed="0.000991"/>
</branch>
<status status="PASS" start="2025-02-28T19:43:29.433539" elapsed="0.001160"/>
</if>
<kw name="Evaluate" owner="BuiltIn">
<msg time="2025-02-28T19:43:29.435836" level="TRACE">Arguments: [ "$VALUE + ' from child to parent'" ]</msg>
<msg time="2025-02-28T19:43:29.436661" level="TRACE">Return: 'Hello3 from child to parent'</msg>
<msg time="2025-02-28T19:43:29.436961" level="INFO">${Response} = Hello3 from child to parent</msg>
<var>${Response}</var>
<arg>$VALUE + ' from child to parent'</arg>
<doc>Evaluates the given expression in Python and returns the result.</doc>
<status status="PASS" start="2025-02-28T19:43:29.435097" elapsed="0.002347"/>
</kw>
<kw name="Log" owner="BuiltIn">
<msg time="2025-02-28T19:43:29.438875" level="TRACE">Arguments: [ 'PASS' ]</msg>
<msg time="2025-02-28T19:43:29.439249" level="INFO">PASS</msg>
<msg time="2025-02-28T19:43:29.439452" level="TRACE">Return: None</msg>
<arg>${STATUS}</arg>
<doc>Logs the given message with the given level.</doc>
<status status="PASS" start="2025-02-28T19:43:29.438260" elapsed="0.001383"/>
</kw>
<kw name="Log" owner="BuiltIn">
<msg time="2025-02-28T19:43:29.441165" level="TRACE">Arguments: [ 'Hello3 from child to parent' ]</msg>
<msg time="2025-02-28T19:43:29.441636" level="INFO">Hello3 from child to parent</msg>
<msg time="2025-02-28T19:43:29.441822" level="TRACE">Return: None</msg>
<arg>${Response}</arg>
<doc>Logs the given message with the given level.</doc>
<status status="PASS" start="2025-02-28T19:43:29.440163" elapsed="0.001935"/>
</kw>
<kw name="Send Message" owner="Child">
<msg time="2025-02-28T19:43:29.443347" level="TRACE">Arguments: [ 'Hello3 from child to parent' ]</msg>
<msg time="2025-02-28T19:43:29.443816" level="INFO" html="true">Sending message to &lt;a href="../redirect.html#oSuGRL5KQh2VXwe-ddpRGw"&gt;log&lt;/a&gt;: Hello3 from child to parent</msg>
<msg time="2025-02-28T19:43:29.447725" level="TRACE">Return: None</msg>
<arg>${Response}</arg>
<doc>Send a message to the child process</doc>
<status status="PASS" start="2025-02-28T19:43:29.442767" elapsed="0.005546"/>
</kw>
<status status="PASS" start="2025-02-28T19:43:29.419579" elapsed="0.029018"/>
</iter>
<iter>
<kw name="Run Keyword And Ignore Error" owner="BuiltIn">
<msg time="2025-02-28T19:43:29.450911" level="TRACE">Arguments: [ 'Child.receive_message' | 'timeout=1' ]</msg>
<kw name="Receive Message" owner="Child">
<msg time="2025-02-28T19:43:29.452499" level="TRACE">Arguments: [ timeout=1.0 ]</msg>
<msg time="2025-02-28T19:43:30.455388" level="FAIL">Empty</msg>
<msg time="2025-02-28T19:43:30.459856" level="DEBUG">Traceback (most recent call last):
  File "/home/franz/projects/robotframework-processtree/src/rf_processtree/__init__.py", line 185, in receive_message
    return self._receive_message(timeout)
           ~~~~~~~~~~~~~~~~~~~~~^^^^^^^^^
  File "/home/franz/projects/robotframework-processtree/src/rf_processtree/__init__.py", line 194, in _receive_message
    payload = self._read_queue.get(block=True, timeout=timeout)
  File "/home/franz/.local/share/uv/python/cpython-3.13.0-linux-x86_64-gnu/lib/python3.13/multiprocessing/queues.py", line 112, in get
    raise Empty
_queue.Empty</msg>
<arg>timeout=1</arg>
<doc>Receive message</doc>
<status status="FAIL" start="2025-02-28T19:43:29.451712" elapsed="1.008411">Empty</status>
</kw>
<msg time="2025-02-28T19:43:30.460358" level="TRACE">Return: ('FAIL', 'Empty')</msg>
<msg time="2025-02-28T19:43:30.460732" level="INFO">${STATUS} = FAIL</msg>
<msg time="2025-02-28T19:43:30.461003" level="INFO">${VALUE} = Empty</msg>
<var>${STATUS}</var>
<var>${VALUE}</var>
<arg>Child.receive_message</arg>
<arg>timeout=1</arg>
<doc>Runs the given keyword with the given arguments and ignores possible error.</doc>
<status status="PASS" start="2025-02-28T19:43:29.450381" elapsed="1.010799"/>
</kw>
<if>
<branch type="IF" condition="'${STATUS}' == 'FAIL'">
<break>
<status status="PASS" start="2025-02-28T19:43:30.462795" elapsed="0.000272"/>
</break>
<status status="PASS" start="2025-02-28T19:43:30.461793" elapsed="0.001492"/>
</branch>
<status status="PASS" start="2025-02-28T19:43:30.461664" elapsed="0.001744"/>
</if>
<kw name="Evaluate" owner="BuiltIn">
<var>${Response}</var>
<arg>$VALUE + ' from child to parent'</arg>
<doc>Evaluates the given expression in Python and returns the result.</doc>
<status status="NOT RUN" start="2025-02-28T19:43:30.464242" elapsed="0.000500"/>
</kw>
<kw name="Log" owner="BuiltIn">
<arg>${STATUS}</arg>
<doc>Logs the given message with the given level.</doc>
<status status="NOT RUN" start="2025-02-28T19:43:30.465427" elapsed="0.000260"/>
</kw>
<kw name="Log" owner="BuiltIn">
<arg>${Response}</arg>
<doc>Logs the given message with the given level.</doc>
<status status="NOT RUN" start="2025-02-28T19:43:30.466047" elapsed="0.000179"/>
</kw>
<kw name="Send Message" owner="Child">
<arg>${Response}</arg>
<doc>Send a message to the child process</doc>
<status status="NOT RUN" start="2025-02-28T19:43:30.466508" elapsed="0.000168"/>
</kw>
<status status="PASS" start="2025-02-28T19:43:29.448700" elapsed="1.018088"/>
</iter>
<status status="PASS" start="2025-02-28T19:43:29.371869" elapsed="1.095016"/>
</while>
<status status="PASS" start="2025-02-28T19:43:29.368463" elapsed="1.098844"/>
</test>
<status status="PASS" start="2025-02-28T19:43:29.286767" elapsed="1.182859"/>
</suite>
<statistics>
<total>
<stat pass="1" fail="0" skip="0">All Tests</stat>
</total>
<tag>
</tag>
<suite>
<stat name="Repeated" id="s1" pass="1" fail="0" skip="0">Repeated</stat>
</suite>
</statistics>
<errors>
</errors>
</robot>
