<?xml version="1.0" encoding="UTF-8"?>
<robot generator="Robot 7.2.2 (Python 3.13.0 on linux)" generated="2025-02-28T21:55:34.720608" rpa="false" schemaversion="5">
<suite id="s1" name="Repeated Elegant" source="/home/franz/projects/robotframework-processtree/atest/example/child/repeated_elegant.robot">
<test id="s1-t1" name="Child" line="11">
<kw name="Run Keyword On Received Items Until Queue Is Closed" owner="Child">
<msg time="2025-02-28T21:55:34.841900" level="TRACE">Arguments: [ 'work on item' ]</msg>
<msg time="2025-02-28T21:55:34.844387" level="INFO" html="true">Receiving message from &lt;a href="../redirect.html#I-NZ49wKReOq1NfFMWE-cg"&gt;log&lt;/a&gt;: Hello3</msg>
<kw name="work on item">
<msg time="2025-02-28T21:55:34.848621" level="TRACE">Arguments: [ ${MSG}='Hello3' ]</msg>
<kw name="Log" owner="BuiltIn">
<msg time="2025-02-28T21:55:34.851811" level="TRACE">Arguments: [ 'Child said Hello3' ]</msg>
<msg time="2025-02-28T21:55:34.852437" level="INFO">Child said Hello3</msg>
<msg time="2025-02-28T21:55:34.852706" level="TRACE">Return: None</msg>
<arg>Child said ${MSG}</arg>
<doc>Logs the given message with the given level.</doc>
<status status="PASS" start="2025-02-28T21:55:34.850348" elapsed="0.002564"/>
</kw>
<kw name="Send Message" owner="Child">
<msg time="2025-02-28T21:55:34.855448" level="TRACE">Arguments: [ 'Child said Hello3' ]</msg>
<msg time="2025-02-28T21:55:34.862160" level="INFO" html="true">Sending message to &lt;a href="../redirect.html#4jMseDtfTzWZ0kFnoMbxPQ"&gt;log&lt;/a&gt;: Child said Hello3</msg>
<msg time="2025-02-28T21:55:34.862568" level="TRACE">Return: None</msg>
<arg>Child said ${MSG}</arg>
<doc>Send a message to the child process</doc>
<status status="PASS" start="2025-02-28T21:55:34.854703" elapsed="0.008037"/>
</kw>
<kw name="Sleep" owner="BuiltIn">
<msg time="2025-02-28T21:55:34.863717" level="TRACE">Arguments: [ '0.1s' ]</msg>
<msg time="2025-02-28T21:55:34.965889" level="INFO">Slept 100 milliseconds.</msg>
<msg time="2025-02-28T21:55:34.966130" level="TRACE">Return: None</msg>
<arg>0.1s</arg>
<doc>Pauses the test executed for the given time.</doc>
<status status="PASS" start="2025-02-28T21:55:34.863264" elapsed="0.102999"/>
</kw>
<msg time="2025-02-28T21:55:34.966469" level="TRACE">Return: None</msg>
<arg>Hello3</arg>
<status status="PASS" start="2025-02-28T21:55:34.847737" elapsed="0.118835"/>
</kw>
<msg time="2025-02-28T21:55:34.967274" level="TRACE">Return: None</msg>
<arg>work on item</arg>
<doc>Read all items from the queue and run the keyword with the item as argument.</doc>
<status status="PASS" start="2025-02-28T21:55:34.840815" elapsed="0.126651"/>
</kw>
<status status="PASS" start="2025-02-28T21:55:34.836928" elapsed="0.130918"/>
</test>
<status status="PASS" start="2025-02-28T21:55:34.723828" elapsed="0.255612"/>
</suite>
<statistics>
<total>
<stat pass="1" fail="0" skip="0">All Tests</stat>
</total>
<tag>
</tag>
<suite>
<stat name="Repeated Elegant" id="s1" pass="1" fail="0" skip="0">Repeated Elegant</stat>
</suite>
</statistics>
<errors>
</errors>
</robot>
